TN:
SF:c:\Users\Admin\Ajith\Authentication\user.js
FN:32,(anonymous_0)
FNF:1
FNH:1
FNDA:1,(anonymous_0)
DA:2,1
DA:3,1
DA:4,1
DA:5,1
DA:6,1
DA:7,1
DA:11,1
DA:13,1
DA:15,1
DA:17,1
DA:20,1
DA:22,1
DA:24,1
DA:26,1
DA:28,1
DA:31,1
DA:32,1
DA:34,1
LF:18
LH:18
BRDA:31,0,0,1
BRDA:31,0,1,1
BRF:2
BRH:2
end_of_record
TN:
SF:c:\Users\Admin\Ajith\Authentication\Authenticationcontroller\user.js
FN:7,(anonymous_0)
FN:23,(anonymous_1)
FN:29,(anonymous_2)
FN:42,(anonymous_3)
FN:44,(anonymous_4)
FN:52,(anonymous_5)
FNF:6
FNH:6
FNDA:3,(anonymous_0)
FNDA:3,(anonymous_1)
FNDA:2,(anonymous_2)
FNDA:3,(anonymous_3)
FNDA:3,(anonymous_4)
FNDA:2,(anonymous_5)
DA:1,1
DA:2,1
DA:3,1
DA:4,1
DA:5,1
DA:7,1
DA:11,3
DA:23,3
DA:24,3
DA:25,3
DA:26,1
DA:29,2
DA:30,2
DA:31,0
DA:34,2
DA:35,2
DA:42,1
DA:44,3
DA:46,3
DA:47,1
DA:48,1
DA:52,2
DA:53,2
DA:54,1
DA:61,1
DA:70,1
DA:83,1
LF:27
LH:26
BRDA:25,0,0,1
BRDA:25,0,1,2
BRDA:30,1,0,0
BRDA:30,1,1,2
BRDA:46,2,0,1
BRDA:46,2,1,2
BRDA:53,3,0,1
BRDA:53,3,1,1
BRF:8
BRH:7
end_of_record
TN:
SF:c:\Users\Admin\Ajith\Authentication\Authenticationcontroller\verifyToken.js
FN:3,(anonymous_0)
FNF:1
FNH:1
FNDA:25,(anonymous_0)
DA:1,1
DA:3,1
DA:4,25
DA:6,25
DA:8,25
DA:9,25
DA:10,25
DA:13,0
LF:8
LH:7
BRF:0
BRH:0
end_of_record
TN:
SF:c:\Users\Admin\Ajith\Authentication\Validation\joi.js
FNF:0
FNH:0
DA:1,1
DA:3,1
DA:14,1
DA:24,1
DA:34,1
DA:45,1
LF:6
LH:6
BRF:0
BRH:0
end_of_record
TN:
SF:c:\Users\Admin\Ajith\Authentication\controller\prjcontroller.js
FN:7,(anonymous_0)
FN:10,(anonymous_1)
FN:14,(anonymous_2)
FN:18,(anonymous_3)
FN:30,(anonymous_4)
FN:42,(anonymous_5)
FN:53,(anonymous_6)
FN:65,(anonymous_7)
FN:70,(anonymous_8)
FN:81,(anonymous_9)
FN:95,(anonymous_10)
FN:101,(anonymous_11)
FN:116,(anonymous_12)
FN:127,(anonymous_13)
FN:133,(anonymous_14)
FN:160,(anonymous_15)
FN:166,(anonymous_16)
FN:178,(anonymous_17)
FN:181,(anonymous_18)
FN:192,(anonymous_19)
FN:203,(anonymous_20)
FNF:21
FNH:21
FNDA:1,(anonymous_0)
FNDA:1,(anonymous_1)
FNDA:6,(anonymous_2)
FNDA:2,(anonymous_3)
FNDA:2,(anonymous_4)
FNDA:2,(anonymous_5)
FNDA:3,(anonymous_6)
FNDA:3,(anonymous_7)
FNDA:2,(anonymous_8)
FNDA:9,(anonymous_9)
FNDA:3,(anonymous_10)
FNDA:2,(anonymous_11)
FNDA:3,(anonymous_12)
FNDA:3,(anonymous_13)
FNDA:2,(anonymous_14)
FNDA:3,(anonymous_15)
FNDA:2,(anonymous_16)
FNDA:6,(anonymous_17)
FNDA:2,(anonymous_18)
FNDA:2,(anonymous_19)
FNDA:2,(anonymous_20)
DA:1,1
DA:2,1
DA:3,1
DA:4,1
DA:7,1
DA:10,1
DA:11,1
DA:14,1
DA:16,6
DA:18,2
DA:20,2
DA:21,1
DA:24,1
DA:29,4
DA:30,2
DA:32,2
DA:33,1
DA:36,1
DA:41,2
DA:42,2
DA:44,2
DA:45,1
DA:48,1
DA:53,1
DA:54,3
DA:65,3
DA:66,3
DA:67,3
DA:68,1
DA:70,2
DA:71,2
DA:72,1
DA:75,1
DA:81,1
DA:83,9
DA:84,3
DA:95,3
DA:96,3
DA:97,3
DA:98,1
DA:101,2
DA:102,2
DA:103,1
DA:105,1
DA:106,1
DA:114,6
DA:116,3
DA:117,3
DA:127,3
DA:128,3
DA:129,3
DA:130,1
DA:133,2
DA:134,2
DA:135,1
DA:137,1
DA:138,1
DA:147,3
DA:150,3
DA:160,3
DA:161,3
DA:162,3
DA:163,1
DA:166,2
DA:167,2
DA:168,1
DA:170,1
DA:171,1
DA:178,1
DA:180,6
DA:181,2
DA:182,2
DA:183,1
DA:185,1
DA:186,1
DA:191,4
DA:192,2
DA:193,2
DA:194,1
DA:196,1
DA:197,1
DA:202,2
DA:203,2
DA:204,2
DA:205,1
DA:207,1
DA:208,1
DA:213,1
DA:214,1
LF:89
LH:89
BRDA:16,0,0,2
BRDA:16,0,1,4
BRDA:20,1,0,1
BRDA:20,1,1,1
BRDA:29,2,0,2
BRDA:29,2,1,2
BRDA:32,3,0,1
BRDA:32,3,1,1
BRDA:41,4,0,2
BRDA:41,4,1,0
BRDA:44,5,0,1
BRDA:44,5,1,1
BRDA:67,6,0,1
BRDA:67,6,1,2
BRDA:71,7,0,1
BRDA:71,7,1,1
BRDA:83,8,0,3
BRDA:83,8,1,6
BRDA:97,9,0,1
BRDA:97,9,1,2
BRDA:102,10,0,1
BRDA:102,10,1,1
BRDA:114,11,0,3
BRDA:114,11,1,3
BRDA:129,12,0,1
BRDA:129,12,1,2
BRDA:134,13,0,1
BRDA:134,13,1,1
BRDA:147,14,0,3
BRDA:147,14,1,0
BRDA:162,15,0,1
BRDA:162,15,1,2
BRDA:167,16,0,1
BRDA:167,16,1,1
BRDA:180,17,0,2
BRDA:180,17,1,4
BRDA:182,18,0,1
BRDA:182,18,1,1
BRDA:191,19,0,2
BRDA:191,19,1,2
BRDA:193,20,0,1
BRDA:193,20,1,1
BRDA:202,21,0,2
BRDA:202,21,1,0
BRDA:204,22,0,1
BRDA:204,22,1,1
BRF:46
BRH:43
end_of_record
TN:
SF:c:\Users\Admin\Ajith\Authentication\model\model.js
FN:4,(anonymous_0)
FN:7,(anonymous_1)
FNF:2
FNH:2
FNDA:1,(anonymous_0)
FNDA:1,(anonymous_1)
DA:1,1
DA:2,1
DA:4,1
DA:5,1
DA:7,1
DA:8,1
DA:12,1
DA:24,1
DA:26,1
LF:9
LH:9
BRF:0
BRH:0
end_of_record
TN:
SF:c:\Users\Admin\Ajith\Authentication\routes\server.js
FNF:0
FNH:0
DA:1,1
DA:2,1
DA:3,1
DA:5,1
DA:7,1
DA:10,1
LF:6
LH:6
BRF:0
BRH:0
end_of_record
