TN:
SF:c:\Users\Admin\Ajith\mongodb_node\app.js
FN:32,(anonymous_0)
FNF:1
FNH:1
FNDA:1,(anonymous_0)
DA:2,1
DA:3,1
DA:4,1
DA:5,1
DA:6,1
DA:7,1
DA:11,1
DA:13,1
DA:15,1
DA:17,1
DA:20,1
DA:22,1
DA:24,1
DA:26,1
DA:28,1
DA:31,1
DA:32,1
DA:34,1
LF:18
LH:18
BRDA:31,0,0,1
BRDA:31,0,1,1
BRF:2
BRH:2
end_of_record
TN:
SF:c:\Users\Admin\Ajith\mongodb_node\Authentication\auth.js
FN:7,(anonymous_0)
FN:20,(anonymous_1)
FN:27,(anonymous_2)
FN:44,(anonymous_3)
FN:46,(anonymous_4)
FN:53,(anonymous_5)
FNF:6
FNH:6
FNDA:3,(anonymous_0)
FNDA:3,(anonymous_1)
FNDA:2,(anonymous_2)
FNDA:3,(anonymous_3)
FNDA:3,(anonymous_4)
FNDA:2,(anonymous_5)
DA:1,1
DA:2,1
DA:3,1
DA:4,1
DA:5,1
DA:7,1
DA:8,3
DA:20,3
DA:22,3
DA:23,3
DA:24,1
DA:27,2
DA:29,2
DA:30,2
DA:34,0
DA:35,0
DA:44,1
DA:46,3
DA:48,3
DA:49,1
DA:53,2
DA:54,2
DA:55,1
DA:62,1
DA:71,1
DA:84,1
LF:26
LH:24
BRDA:23,0,0,1
BRDA:23,0,1,2
BRDA:29,1,0,2
BRDA:29,1,1,0
BRDA:48,2,0,1
BRDA:48,2,1,2
BRDA:54,3,0,1
BRDA:54,3,1,1
BRF:8
BRH:7
end_of_record
TN:
SF:c:\Users\Admin\Ajith\mongodb_node\Authentication\verifytoken.js
FN:3,(anonymous_0)
FNF:1
FNH:1
FNDA:26,(anonymous_0)
DA:1,1
DA:3,1
DA:4,26
DA:6,26
DA:8,26
DA:9,25
DA:10,25
DA:13,1
LF:8
LH:8
BRF:0
BRH:0
end_of_record
TN:
SF:c:\Users\Admin\Ajith\mongodb_node\controller\controller.js
FN:7,(anonymous_0)
FN:10,(anonymous_1)
FN:14,(anonymous_2)
FN:17,(anonymous_3)
FN:30,(anonymous_4)
FN:43,(anonymous_5)
FN:56,(anonymous_6)
FN:69,(anonymous_7)
FN:77,(anonymous_8)
FN:90,(anonymous_9)
FN:104,(anonymous_10)
FN:112,(anonymous_11)
FN:129,(anonymous_12)
FN:141,(anonymous_13)
FN:149,(anonymous_14)
FN:177,(anonymous_15)
FN:185,(anonymous_16)
FN:199,(anonymous_17)
FN:202,(anonymous_18)
FN:215,(anonymous_19)
FN:227,(anonymous_20)
FNF:21
FNH:21
FNDA:1,(anonymous_0)
FNDA:1,(anonymous_1)
FNDA:6,(anonymous_2)
FNDA:2,(anonymous_3)
FNDA:2,(anonymous_4)
FNDA:2,(anonymous_5)
FNDA:3,(anonymous_6)
FNDA:3,(anonymous_7)
FNDA:2,(anonymous_8)
FNDA:9,(anonymous_9)
FNDA:3,(anonymous_10)
FNDA:2,(anonymous_11)
FNDA:3,(anonymous_12)
FNDA:3,(anonymous_13)
FNDA:2,(anonymous_14)
FNDA:3,(anonymous_15)
FNDA:2,(anonymous_16)
FNDA:6,(anonymous_17)
FNDA:2,(anonymous_18)
FNDA:2,(anonymous_19)
FNDA:2,(anonymous_20)
DA:1,1
DA:2,1
DA:3,1
DA:4,1
DA:7,1
DA:10,1
DA:11,1
DA:14,1
DA:16,6
DA:17,2
DA:19,2
DA:20,1
DA:24,1
DA:29,4
DA:30,2
DA:32,2
DA:33,1
DA:37,1
DA:42,2
DA:43,2
DA:45,2
DA:46,1
DA:50,1
DA:56,1
DA:57,3
DA:69,3
DA:71,3
DA:73,3
DA:74,1
DA:77,2
DA:79,2
DA:80,1
DA:84,1
DA:90,1
DA:92,9
DA:93,3
DA:104,3
DA:106,3
DA:108,3
DA:109,1
DA:112,2
DA:114,2
DA:115,1
DA:118,1
DA:119,1
DA:127,6
DA:129,3
DA:130,3
DA:141,3
DA:143,3
DA:145,3
DA:146,1
DA:149,2
DA:151,2
DA:152,1
DA:155,1
DA:156,1
DA:165,3
DA:166,3
DA:177,3
DA:179,3
DA:181,3
DA:182,1
DA:185,2
DA:187,2
DA:188,1
DA:191,1
DA:192,1
DA:199,1
DA:201,6
DA:202,2
DA:204,2
DA:205,1
DA:208,1
DA:209,1
DA:214,4
DA:215,2
DA:216,2
DA:217,1
DA:220,1
DA:221,1
DA:226,2
DA:227,2
DA:228,2
DA:229,1
DA:232,1
DA:233,1
DA:238,1
DA:239,1
LF:89
LH:89
BRDA:16,0,0,2
BRDA:16,0,1,4
BRDA:19,1,0,1
BRDA:19,1,1,1
BRDA:19,2,0,2
BRDA:19,2,1,2
BRDA:29,3,0,2
BRDA:29,3,1,2
BRDA:32,4,0,1
BRDA:32,4,1,1
BRDA:32,5,0,2
BRDA:32,5,1,2
BRDA:42,6,0,2
BRDA:42,6,1,0
BRDA:45,7,0,1
BRDA:45,7,1,1
BRDA:45,8,0,2
BRDA:45,8,1,2
BRDA:73,9,0,1
BRDA:73,9,1,2
BRDA:79,10,0,1
BRDA:79,10,1,1
BRDA:92,11,0,3
BRDA:92,11,1,6
BRDA:108,12,0,1
BRDA:108,12,1,2
BRDA:114,13,0,1
BRDA:114,13,1,1
BRDA:114,14,0,2
BRDA:114,14,1,2
BRDA:127,15,0,3
BRDA:127,15,1,3
BRDA:145,16,0,1
BRDA:145,16,1,2
BRDA:151,17,0,1
BRDA:151,17,1,1
BRDA:151,18,0,2
BRDA:151,18,1,2
BRDA:165,19,0,3
BRDA:165,19,1,0
BRDA:181,20,0,1
BRDA:181,20,1,2
BRDA:187,21,0,1
BRDA:187,21,1,1
BRDA:187,22,0,2
BRDA:187,22,1,2
BRDA:201,23,0,2
BRDA:201,23,1,4
BRDA:204,24,0,1
BRDA:204,24,1,1
BRDA:214,25,0,2
BRDA:214,25,1,2
BRDA:216,26,0,1
BRDA:216,26,1,1
BRDA:226,27,0,2
BRDA:226,27,1,0
BRDA:228,28,0,1
BRDA:228,28,1,1
BRF:58
BRH:55
end_of_record
TN:
SF:c:\Users\Admin\Ajith\mongodb_node\joivalidation\validation.js
FNF:0
FNH:0
DA:1,1
DA:4,1
DA:16,1
DA:27,1
DA:38,1
DA:49,1
LF:6
LH:6
BRF:0
BRH:0
end_of_record
TN:
SF:c:\Users\Admin\Ajith\mongodb_node\model\model.js
FN:4,(anonymous_0)
FN:7,(anonymous_1)
FNF:2
FNH:2
FNDA:1,(anonymous_0)
FNDA:1,(anonymous_1)
DA:1,1
DA:2,1
DA:4,1
DA:5,1
DA:7,1
DA:8,1
DA:12,1
DA:24,1
DA:26,1
LF:9
LH:9
BRF:0
BRH:0
end_of_record
TN:
SF:c:\Users\Admin\Ajith\mongodb_node\routes\server.js
FNF:0
FNH:0
DA:1,1
DA:2,1
DA:3,1
DA:5,1
DA:7,1
DA:10,1
LF:6
LH:6
BRF:0
BRH:0
end_of_record
