TN:
SF:C:\Users\stharmar\Desktop\Ajith\Login Task (2)\Login Task\app.js
FN:12,(anonymous_0)
FN:15,(anonymous_1)
FN:18,(anonymous_2)
FN:29,(anonymous_3)
FNF:4
FNH:1
FNDA:0,(anonymous_0)
FNDA:0,(anonymous_1)
FNDA:0,(anonymous_2)
FNDA:1,(anonymous_3)
DA:1,1
DA:2,1
DA:3,1
DA:4,1
DA:5,1
DA:6,1
DA:7,1
DA:8,1
DA:12,1
DA:13,0
DA:15,1
DA:16,0
DA:18,1
DA:19,0
DA:23,1
DA:24,1
DA:25,1
DA:28,1
DA:29,1
DA:31,1
LF:20
LH:17
BRDA:28,0,0,1
BRDA:28,0,1,1
BRF:2
BRH:2
end_of_record
TN:
SF:C:\Users\stharmar\Desktop\Ajith\Login Task (2)\Login Task\Authentication\user.js
FN:8,(anonymous_0)
FN:27,(anonymous_1)
FN:32,(anonymous_2)
FN:56,(anonymous_3)
FN:73,(anonymous_4)
FN:76,(anonymous_5)
FN:82,(anonymous_6)
FN:92,(anonymous_7)
FNF:8
FNH:4
FNDA:1,(anonymous_0)
FNDA:1,(anonymous_1)
FNDA:1,(anonymous_2)
FNDA:1,(anonymous_3)
FNDA:0,(anonymous_4)
FNDA:0,(anonymous_5)
FNDA:0,(anonymous_6)
FNDA:0,(anonymous_7)
DA:1,1
DA:2,1
DA:3,1
DA:4,1
DA:5,1
DA:6,1
DA:8,1
DA:10,1
DA:11,1
DA:16,1
DA:26,1
DA:27,1
DA:28,1
DA:29,1
DA:30,0
DA:32,1
DA:33,1
DA:34,0
DA:40,1
DA:48,1
DA:56,1
DA:57,1
DA:58,1
DA:62,0
DA:65,1
DA:73,1
DA:74,0
DA:75,0
DA:76,0
DA:77,0
DA:78,0
DA:79,0
DA:82,0
DA:83,0
DA:84,0
DA:90,0
DA:91,0
DA:92,0
DA:93,0
DA:94,0
DA:97,0
DA:100,0
DA:108,1
LF:43
LH:24
BRDA:29,0,0,0
BRDA:29,0,1,1
BRDA:33,1,0,0
BRDA:33,1,1,1
BRDA:57,2,0,1
BRDA:57,2,1,0
BRDA:77,3,0,0
BRDA:77,3,1,0
BRDA:83,4,0,0
BRDA:83,4,1,0
BRDA:93,5,0,0
BRDA:93,5,1,0
BRF:12
BRH:3
end_of_record
TN:
SF:C:\Users\stharmar\Desktop\Ajith\Login Task (2)\Login Task\controller\controller.js
FN:3,(anonymous_0)
FN:5,(anonymous_1)
FN:20,(anonymous_2)
FNF:3
FNH:1
FNDA:0,(anonymous_0)
FNDA:0,(anonymous_1)
FNDA:1,(anonymous_2)
DA:1,1
DA:3,1
DA:4,0
DA:5,0
DA:6,0
DA:7,0
DA:12,0
DA:20,1
DA:21,1
DA:22,0
DA:25,1
DA:29,1
LF:12
LH:6
BRDA:6,0,0,0
BRDA:6,0,1,0
BRDA:21,1,0,0
BRDA:21,1,1,1
BRF:4
BRH:1
end_of_record
TN:
SF:C:\Users\stharmar\Desktop\Ajith\Login Task (2)\Login Task\joi\joi.js
FNF:0
FNH:0
DA:1,1
DA:3,1
LF:2
LH:2
BRF:0
BRH:0
end_of_record
TN:
SF:C:\Users\stharmar\Desktop\Ajith\Login Task (2)\Login Task\model\model.js
FNF:0
FNH:0
DA:1,1
DA:3,1
DA:10,1
LF:3
LH:3
BRF:0
BRH:0
end_of_record
