TN:
SF:C:\Users\Admin\Pavithra\API test\Employee\app.js
FN:14,(anonymous_0)
FN:20,(anonymous_1)
FNF:2
FNH:2
FNDA:1,(anonymous_0)
FNDA:1,(anonymous_1)
DA:1,1
DA:2,1
DA:3,1
DA:4,1
DA:6,1
DA:7,1
DA:8,1
DA:10,1
DA:12,1
DA:14,1
DA:15,1
DA:19,1
DA:20,1
DA:21,1
DA:23,1
LF:15
LH:15
BRDA:19,0,0,1
BRDA:19,0,1,1
BRF:2
BRH:2
end_of_record
TN:
SF:C:\Users\Admin\Pavithra\API test\Employee\controllers\control.js
FN:16,(anonymous_0)
FN:18,(anonymous_1)
FN:22,(anonymous_2)
FN:26,(anonymous_3)
FN:35,(anonymous_4)
FN:45,(anonymous_5)
FN:53,(anonymous_6)
FN:67,(anonymous_7)
FN:74,(anonymous_8)
FN:91,(anonymous_9)
FN:114,(anonymous_10)
FN:138,(anonymous_11)
FN:148,(anonymous_12)
FN:150,(anonymous_13)
FN:158,(anonymous_14)
FN:168,(anonymous_15)
FNF:16
FNH:16
FNDA:13,(anonymous_0)
FNDA:13,(anonymous_1)
FNDA:6,(anonymous_2)
FNDA:2,(anonymous_3)
FNDA:2,(anonymous_4)
FNDA:2,(anonymous_5)
FNDA:2,(anonymous_6)
FNDA:2,(anonymous_7)
FNDA:6,(anonymous_8)
FNDA:2,(anonymous_9)
FNDA:2,(anonymous_10)
FNDA:2,(anonymous_11)
FNDA:6,(anonymous_12)
FNDA:2,(anonymous_13)
FNDA:2,(anonymous_14)
FNDA:2,(anonymous_15)
DA:1,1
DA:2,1
DA:3,1
DA:4,1
DA:5,1
DA:6,1
DA:7,1
DA:8,1
DA:9,1
DA:10,1
DA:16,1
DA:18,13
DA:19,13
DA:22,1
DA:24,6
DA:26,2
DA:27,2
DA:28,1
DA:30,1
DA:33,4
DA:35,2
DA:36,2
DA:37,1
DA:39,1
DA:43,2
DA:45,2
DA:46,2
DA:47,1
DA:49,1
DA:53,1
DA:55,2
DA:67,2
DA:68,2
DA:69,1
DA:71,1
DA:74,1
DA:76,6
DA:77,2
DA:91,2
DA:92,2
DA:93,1
DA:95,1
DA:99,4
DA:100,2
DA:114,2
DA:115,2
DA:116,1
DA:118,1
DA:123,2
DA:124,2
DA:138,2
DA:139,2
DA:140,1
DA:142,1
DA:148,1
DA:149,6
DA:150,2
DA:151,2
DA:152,1
DA:154,1
DA:157,4
DA:158,2
DA:159,2
DA:160,1
DA:163,1
DA:167,2
DA:168,2
DA:169,2
DA:170,1
DA:173,1
DA:178,1
LF:71
LH:71
BRDA:24,0,0,2
BRDA:24,0,1,4
BRDA:27,1,0,1
BRDA:27,1,1,1
BRDA:33,2,0,2
BRDA:33,2,1,2
BRDA:36,3,0,1
BRDA:36,3,1,1
BRDA:43,4,0,2
BRDA:43,4,1,0
BRDA:46,5,0,1
BRDA:46,5,1,1
BRDA:68,6,0,1
BRDA:68,6,1,1
BRDA:76,7,0,2
BRDA:76,7,1,4
BRDA:92,8,0,1
BRDA:92,8,1,1
BRDA:99,9,0,2
BRDA:99,9,1,2
BRDA:115,10,0,1
BRDA:115,10,1,1
BRDA:123,11,0,2
BRDA:123,11,1,0
BRDA:139,12,0,1
BRDA:139,12,1,1
BRDA:149,13,0,2
BRDA:149,13,1,4
BRDA:151,14,0,1
BRDA:151,14,1,1
BRDA:157,15,0,2
BRDA:157,15,1,2
BRDA:159,16,0,1
BRDA:159,16,1,1
BRDA:167,17,0,2
BRDA:167,17,1,0
BRDA:169,18,0,1
BRDA:169,18,1,1
BRF:38
BRH:35
end_of_record
TN:
SF:C:\Users\Admin\Pavithra\API test\Employee\models\model.js
FNF:0
FNH:0
DA:1,1
DA:4,1
DA:17,1
DA:18,1
LF:4
LH:4
BRF:0
BRH:0
end_of_record
TN:
SF:C:\Users\Admin\Pavithra\API test\Employee\routes\router.js
FN:6,(anonymous_0)
FNF:1
FNH:1
FNDA:1,(anonymous_0)
DA:1,1
DA:3,1
DA:4,1
DA:6,1
DA:9,1
DA:11,1
DA:14,1
DA:17,1
DA:20,1
DA:22,1
LF:10
LH:10
BRF:0
BRH:0
end_of_record
