TN:
SF:C:\Users\Admin\Pavithra\workouts\sql\curd\app.js
FN:12,(anonymous_0)
FNF:1
FNH:1
FNDA:1,(anonymous_0)
DA:1,1
DA:2,1
DA:3,1
DA:4,1
DA:5,1
DA:6,1
DA:7,1
DA:9,1
DA:10,1
DA:12,1
DA:13,1
DA:15,1
LF:12
LH:12
BRF:0
BRH:0
end_of_record
TN:
SF:C:\Users\Admin\Pavithra\workouts\sql\curd\authcontroller.js
FN:16,(anonymous_0)
FN:20,(anonymous_1)
FN:41,(anonymous_2)
FN:48,(anonymous_3)
FN:52,(anonymous_4)
FNF:5
FNH:5
FNDA:1,(anonymous_0)
FNDA:2,(anonymous_1)
FNDA:2,(anonymous_2)
FNDA:2,(anonymous_3)
FNDA:2,(anonymous_4)
DA:1,1
DA:2,1
DA:3,1
DA:4,1
DA:5,1
DA:6,1
DA:7,1
DA:8,1
DA:9,1
DA:10,1
DA:16,1
DA:17,1
DA:20,1
DA:21,2
DA:31,2
DA:41,2
DA:42,2
DA:43,1
DA:45,2
DA:48,1
DA:49,2
DA:50,2
DA:52,2
DA:55,2
DA:56,2
DA:58,1
DA:62,1
DA:65,1
LF:28
LH:28
BRDA:42,0,0,1
BRDA:42,0,1,1
BRDA:56,1,0,1
BRDA:56,1,1,1
BRF:4
BRH:4
end_of_record
TN:
SF:C:\Users\Admin\Pavithra\workouts\sql\curd\config.js
FNF:0
FNH:0
DA:1,1
LF:1
LH:1
BRF:0
BRH:0
end_of_record
TN:
SF:C:\Users\Admin\Pavithra\workouts\sql\curd\controller.js
FN:9,(anonymous_0)
FN:12,(anonymous_1)
FN:24,(anonymous_2)
FN:31,(anonymous_3)
FN:32,(anonymous_4)
FN:36,(anonymous_5)
FN:39,(anonymous_6)
FN:48,(anonymous_7)
FN:56,(anonymous_8)
FN:59,(anonymous_9)
FN:68,(anonymous_10)
FN:76,(anonymous_11)
FN:89,(anonymous_12)
FN:109,(anonymous_13)
FNF:14
FNH:14
FNDA:1,(anonymous_0)
FNDA:2,(anonymous_1)
FNDA:2,(anonymous_2)
FNDA:1,(anonymous_3)
FNDA:1,(anonymous_4)
FNDA:4,(anonymous_5)
FNDA:2,(anonymous_6)
FNDA:2,(anonymous_7)
FNDA:4,(anonymous_8)
FNDA:2,(anonymous_9)
FNDA:2,(anonymous_10)
FNDA:4,(anonymous_11)
FNDA:2,(anonymous_12)
FNDA:2,(anonymous_13)
DA:1,1
DA:2,1
DA:3,1
DA:9,1
DA:10,1
DA:12,1
DA:13,2
DA:14,2
DA:24,2
DA:25,2
DA:26,1
DA:28,1
DA:31,1
DA:32,1
DA:33,1
DA:36,1
DA:37,4
DA:38,2
DA:39,2
DA:40,2
DA:41,1
DA:43,1
DA:46,2
DA:47,2
DA:48,2
DA:49,2
DA:50,1
DA:52,1
DA:56,1
DA:57,4
DA:58,2
DA:59,2
DA:60,2
DA:61,1
DA:63,1
DA:66,2
DA:67,2
DA:68,2
DA:69,2
DA:70,1
DA:72,1
DA:76,1
DA:77,4
DA:78,2
DA:79,2
DA:80,2
DA:89,2
DA:90,2
DA:91,1
DA:93,1
DA:97,2
DA:98,2
DA:99,2
DA:100,2
DA:109,2
DA:110,2
DA:111,1
DA:113,1
DA:118,1
LF:59
LH:59
BRDA:25,0,0,1
BRDA:25,0,1,1
BRDA:37,1,0,2
BRDA:37,1,1,2
BRDA:40,2,0,1
BRDA:40,2,1,1
BRDA:46,3,0,2
BRDA:46,3,1,0
BRDA:49,4,0,1
BRDA:49,4,1,1
BRDA:57,5,0,2
BRDA:57,5,1,2
BRDA:60,6,0,1
BRDA:60,6,1,1
BRDA:66,7,0,2
BRDA:66,7,1,0
BRDA:69,8,0,1
BRDA:69,8,1,1
BRDA:77,9,0,2
BRDA:77,9,1,2
BRDA:90,10,0,1
BRDA:90,10,1,1
BRDA:97,11,0,2
BRDA:97,11,1,0
BRDA:110,12,0,1
BRDA:110,12,1,1
BRF:26
BRH:23
end_of_record
TN:
SF:C:\Users\Admin\Pavithra\workouts\sql\curd\router.js
FNF:0
FNH:0
DA:1,1
DA:2,1
DA:3,1
DA:4,1
DA:6,1
DA:7,1
DA:8,1
DA:9,1
DA:10,1
DA:11,1
DA:13,1
LF:11
LH:11
BRF:0
BRH:0
end_of_record
TN:
SF:C:\Users\Admin\Pavithra\workouts\sql\curd\verifyToken.js
FN:4,(anonymous_0)
FNF:1
FNH:1
FNDA:15,(anonymous_0)
DA:1,1
DA:2,1
DA:4,1
DA:5,15
DA:6,15
DA:8,15
DA:9,15
DA:10,15
DA:12,0
LF:9
LH:8
BRF:0
BRH:0
end_of_record
