TN:
SF:c:\Users\Admin\Ajith\Login Task\app.js
FN:18,(anonymous_0)
FNF:1
FNH:1
FNDA:1,(anonymous_0)
DA:1,1
DA:2,1
DA:3,1
DA:4,1
DA:5,1
DA:6,1
DA:7,1
DA:8,1
DA:9,1
DA:12,1
DA:13,1
DA:14,1
DA:17,1
DA:18,1
DA:20,1
LF:15
LH:15
BRDA:17,0,0,1
BRDA:17,0,1,1
BRF:2
BRH:2
end_of_record
TN:
SF:c:\Users\Admin\Ajith\Login Task\Authentication\user.js
FN:8,(anonymous_0)
FN:25,(anonymous_1)
FN:30,(anonymous_2)
FN:64,(anonymous_3)
FN:67,(anonymous_4)
FN:76,(anonymous_5)
FNF:6
FNH:6
FNDA:3,(anonymous_0)
FNDA:3,(anonymous_1)
FNDA:2,(anonymous_2)
FNDA:3,(anonymous_3)
FNDA:3,(anonymous_4)
FNDA:2,(anonymous_5)
DA:1,1
DA:2,1
DA:3,1
DA:4,1
DA:5,1
DA:6,1
DA:8,1
DA:9,3
DA:10,3
DA:15,3
DA:25,3
DA:26,3
DA:27,3
DA:28,1
DA:30,2
DA:31,2
DA:32,1
DA:38,1
DA:41,1
DA:49,1
DA:57,1
DA:64,1
DA:65,3
DA:66,3
DA:67,3
DA:68,3
DA:69,1
DA:76,2
DA:77,2
DA:78,1
DA:84,1
DA:85,1
DA:86,1
DA:87,1
DA:96,1
LF:35
LH:35
BRDA:27,0,0,1
BRDA:27,0,1,2
BRDA:31,1,0,1
BRDA:31,1,1,1
BRDA:68,2,0,1
BRDA:68,2,1,2
BRDA:68,3,0,3
BRDA:68,3,1,3
BRDA:77,4,0,1
BRDA:77,4,1,1
BRF:10
BRH:10
end_of_record
TN:
SF:c:\Users\Admin\Ajith\Login Task\controller\controller.js
FN:3,(anonymous_0)
FN:5,(anonymous_1)
FNF:2
FNH:2
FNDA:1,(anonymous_0)
FNDA:1,(anonymous_1)
DA:1,1
DA:3,1
DA:4,1
DA:5,1
DA:6,1
DA:12,1
DA:13,1
LF:7
LH:7
BRF:0
BRH:0
end_of_record
TN:
SF:c:\Users\Admin\Ajith\Login Task\joi\joi.js
FNF:0
FNH:0
DA:1,1
DA:3,1
LF:2
LH:2
BRF:0
BRH:0
end_of_record
TN:
SF:c:\Users\Admin\Ajith\Login Task\model\model.js
FNF:0
FNH:0
DA:1,1
DA:3,1
DA:10,1
LF:3
LH:3
BRF:0
BRH:0
end_of_record
