TN:
SF:C:\Users\Admin\Ajith\unit test task\controller\user.js
FN:3,(anonymous_0)
FN:6,(anonymous_1)
FN:10,(anonymous_2)
FN:13,(anonymous_3)
FN:24,(anonymous_4)
FN:35,(anonymous_5)
FN:47,(anonymous_6)
FN:58,(anonymous_7)
FN:67,(anonymous_8)
FN:82,(anonymous_9)
FN:106,(anonymous_10)
FN:130,(anonymous_11)
FN:141,(anonymous_12)
FN:143,(anonymous_13)
FN:153,(anonymous_14)
FN:163,(anonymous_15)
FNF:16
FNH:16
FNDA:1,(anonymous_0)
FNDA:1,(anonymous_1)
FNDA:6,(anonymous_2)
FNDA:2,(anonymous_3)
FNDA:2,(anonymous_4)
FNDA:2,(anonymous_5)
FNDA:2,(anonymous_6)
FNDA:2,(anonymous_7)
FNDA:6,(anonymous_8)
FNDA:2,(anonymous_9)
FNDA:2,(anonymous_10)
FNDA:2,(anonymous_11)
FNDA:6,(anonymous_12)
FNDA:2,(anonymous_13)
FNDA:2,(anonymous_14)
FNDA:2,(anonymous_15)
DA:1,1
DA:3,1
DA:6,1
DA:7,1
DA:10,1
DA:11,6
DA:13,2
DA:15,2
DA:16,1
DA:19,1
DA:23,4
DA:24,2
DA:26,2
DA:27,1
DA:30,1
DA:34,2
DA:35,2
DA:37,2
DA:38,1
DA:41,1
DA:47,1
DA:49,2
DA:59,2
DA:60,2
DA:63,0
DA:67,1
DA:68,6
DA:69,2
DA:82,2
DA:83,2
DA:84,2
DA:86,0
DA:87,0
DA:91,4
DA:93,2
DA:106,2
DA:107,2
DA:108,2
DA:110,0
DA:111,0
DA:115,2
DA:117,2
DA:130,2
DA:131,2
DA:132,2
DA:134,0
DA:135,0
DA:141,1
DA:142,6
DA:143,2
DA:144,2
DA:145,1
DA:147,1
DA:148,1
DA:152,4
DA:153,2
DA:154,2
DA:155,1
DA:157,1
DA:158,1
DA:162,2
DA:163,2
DA:164,2
DA:165,1
DA:167,1
DA:168,1
DA:173,1
DA:174,1
LF:68
LH:61
BRDA:11,0,0,2
BRDA:11,0,1,4
BRDA:15,1,0,1
BRDA:15,1,1,1
BRDA:23,2,0,2
BRDA:23,2,1,2
BRDA:26,3,0,1
BRDA:26,3,1,1
BRDA:34,4,0,2
BRDA:34,4,1,0
BRDA:37,5,0,1
BRDA:37,5,1,1
BRDA:59,6,0,2
BRDA:59,6,1,0
BRDA:68,7,0,2
BRDA:68,7,1,4
BRDA:83,8,0,2
BRDA:83,8,1,0
BRDA:91,9,0,2
BRDA:91,9,1,2
BRDA:107,10,0,2
BRDA:107,10,1,0
BRDA:115,11,0,2
BRDA:115,11,1,0
BRDA:131,12,0,2
BRDA:131,12,1,0
BRDA:142,13,0,2
BRDA:142,13,1,4
BRDA:144,14,0,1
BRDA:144,14,1,1
BRDA:152,15,0,2
BRDA:152,15,1,2
BRDA:154,16,0,1
BRDA:154,16,1,1
BRDA:162,17,0,2
BRDA:162,17,1,0
BRDA:164,18,0,1
BRDA:164,18,1,1
BRF:38
BRH:31
end_of_record
TN:
SF:C:\Users\Admin\Ajith\unit test task\model\user.js
FN:4,(anonymous_0)
FN:7,(anonymous_1)
FNF:2
FNH:2
FNDA:1,(anonymous_0)
FNDA:1,(anonymous_1)
DA:1,1
DA:2,1
DA:4,1
DA:5,1
DA:7,1
DA:8,1
DA:12,1
DA:22,1
DA:24,1
LF:9
LH:9
BRF:0
BRH:0
end_of_record
TN:
SF:C:\Users\Admin\Ajith\unit test task\router\index.js
FN:17,(anonymous_0)
FN:30,(anonymous_1)
FNF:2
FNH:1
FNDA:0,(anonymous_0)
FNDA:1,(anonymous_1)
DA:2,1
DA:3,1
DA:4,1
DA:6,1
DA:8,1
DA:10,1
DA:12,1
DA:14,1
DA:17,1
DA:18,0
DA:22,1
DA:25,1
DA:29,1
DA:30,1
DA:32,1
LF:15
LH:14
BRDA:29,0,0,1
BRDA:29,0,1,1
BRF:2
BRH:2
end_of_record
